   0.0000000000000000       -454.04946911875379     
  0.50000000000000022       -476.06401649730560     
   1.0000000000000007       -476.20863024864116     
   1.5000000000000011       -476.30157969598872     
   2.0000000000000013       -476.28714665888930     
   2.4999999999999907       -476.29921233169381     
   2.9999999999999800       -476.27391587404759     
   3.4999999999999694       -476.46226909161442     
   3.9999999999999587       -476.18231776597838     
   4.4999999999999485       -476.32864302593845     
   4.9999999999999378       -476.16277337653389     
   5.4999999999999272       -504.63539677639295     
   5.9999999999999165       -504.83317713957496     
   6.4999999999999059       -504.92665247517408     
   6.9999999999998952       -504.84362325496198     
   7.4999999999998845       -504.67680764799059     
   7.9999999999998739       -504.73098860106091     
   8.4999999999998632       -504.59343373372235     
   8.9999999999998526       -504.77717011710735     
   9.4999999999998419       -504.73671147187935     
   9.9999999999998312       -504.80892474151102     
   10.499999999999821       -516.53498476271773     
   10.999999999999810       -516.57192894721140     
   11.499999999999799       -516.55438203154984     
   11.999999999999789       -516.56351188808344     
   12.499999999999778       -516.63263284650031     
   12.999999999999767       -516.46402602044463     
   13.499999999999757       -516.60290999533686     
   13.999999999999746       -516.58440173344832     
   14.499999999999735       -516.48135129358002     
   14.999999999999725       -516.58822472306576     
   15.499999999999714       -521.06566277924219     
   15.999999999999703       -521.11756440230317     
   16.499999999999780       -521.10485181743297     
   16.999999999999858       -521.28317898914486     
   17.499999999999936       -521.06073013728155     
   18.000000000000014       -521.12864010740714     
   18.500000000000092       -521.07814875205543     
   19.000000000000171       -521.19166803528651     
   19.500000000000249       -521.19496200449714     
   20.000000000000327       -521.23568579247205     
   20.500000000000405       -526.78561048803374     
   21.000000000000483       -526.82569268942291     
   21.500000000000561       -526.85487412137047     
   22.000000000000639       -526.93856789589870     
   22.500000000000718       -526.60272023960965     
   23.000000000000796       -526.78783073001512     
   23.500000000000874       -526.91110980445558     
   24.000000000000952       -526.77264462080825     
   24.500000000001030       -526.77484178347311     
   25.000000000001108       -526.92814062630407     
   25.500000000001187       -520.81760417556700     
   26.000000000001265       -520.65067446034459     
   26.500000000001343       -520.59647668303944     
   27.000000000001421       -520.77937663423927     
   27.500000000001499       -520.72067010049034     
   28.000000000001577       -520.85946061623440     
   28.500000000001656       -520.83958956323306     
   29.000000000001734       -520.69094646073768     
   29.500000000001812       -520.79442785877336     
   30.000000000001890       -520.78107180198504     
   30.500000000001968       -519.13403737004592     
   31.000000000002046       -519.20215871322318     
   31.500000000002125       -519.23579181106209     
   32.000000000002203       -519.04555175781411     
   32.500000000002103       -519.17296797274821     
   33.000000000002004       -519.19105738503936     
   33.500000000001904       -519.24812835107980     
   34.000000000001805       -519.26330141400456     
   34.500000000001705       -519.14025372994593     
   35.000000000001606       -519.18756145976465     
   35.500000000001506       -530.95671453118825     
   36.000000000001407       -530.94949099657470     
   36.500000000001307       -530.83328456947208     
   37.000000000001208       -530.95184319213797     
   37.500000000001108       -530.95837934142935     
   38.000000000001009       -531.04585235377965     
   38.500000000000909       -530.78166223777748     
   39.000000000000810       -530.88458410017574     
   39.500000000000711       -530.86459659524780     
   40.000000000000611       -531.10060561371790     
   40.500000000000512       -519.39733583411362     
   41.000000000000412       -519.30141646612617     
   41.500000000000313       -519.31421038535166     
   42.000000000000213       -519.24898787796872     
   42.500000000000114       -519.30476614561701     
   43.000000000000014       -519.27255866418955     
   43.499999999999915       -519.24581607086691     
   43.999999999999815       -519.27341449729852     
   44.499999999999716       -519.28306615778433     
   44.999999999999616       -519.27647569311989     
   45.499999999999517       -522.56076305673810     
   45.999999999999417       -522.50240830667394     
   46.499999999999318       -522.48188282240721     
   46.999999999999218       -522.63380575562212     
   47.499999999999119       -522.50360277918173     
   47.999999999999019       -522.45262230865410     
   48.499999999998920       -522.43626936137480     
   48.999999999998820       -522.58836918976669     
   49.499999999998721       -522.54330789064647     
   49.999999999998622       -522.45393613432304     
   50.499999999998522       -512.99089454250736     
   50.999999999998423       -512.98512219042095     
   51.499999999998323       -513.26246506427935     
   51.999999999998224       -513.19577359547259     
   52.499999999998124       -513.19005093767908     
   52.999999999998025       -513.03997402804293     
   53.499999999997925       -513.07069112731097     
   53.999999999997826       -513.04260151311644     
   54.499999999997726       -513.12664975735083     
   54.999999999997627       -513.03037037700619     
   55.499999999997527       -518.89956225912977     
   55.999999999997428       -519.14827761934384     
   56.499999999997328       -519.06998215626413     
   56.999999999997229       -518.95615978405874     
   57.499999999997129       -519.11095466660288     
   57.999999999997030       -519.06308979572236     
   58.499999999996930       -518.96063417742323     
   58.999999999996831       -519.00034190315944     
   59.499999999996732       -519.17653472413485     
   59.999999999996632       -519.17708264539635     
   60.499999999996533       -516.98690160957051     
   60.999999999996433       -516.90655970330909     
   61.499999999996334       -517.12408658785478     
   61.999999999996234       -516.95230538569467     
   62.499999999996135       -516.93438430830042     
   62.999999999996035       -517.05974552301245     
   63.499999999995936       -517.07091046791322     
   63.999999999995836       -516.92672910900149     
   64.499999999996092       -516.84934489629904     
   64.999999999996348       -517.19988271921170     
   65.499999999996604       -534.31599639232672     
   65.999999999996859       -534.46489096770199     
   66.499999999997115       -534.41462753261260     
   66.999999999997371       -534.43117400166398     
   67.499999999997627       -534.43308336997370     
   67.999999999997883       -534.43459027169172     
   68.499999999998138       -534.44872094902064     
   68.999999999998394       -534.25749382837580     
   69.499999999998650       -534.39592055373328     
   69.999999999998906       -534.35635601567617     
   70.499999999999162       -526.80795313299177     
   70.999999999999417       -526.75529559561369     
   71.499999999999673       -526.83678837971274     
   71.999999999999929       -526.75018244846422     
   72.500000000000185       -526.74323749556913     
   73.000000000000441       -526.84618379118592     
   73.500000000000696       -526.67784686321784     
   74.000000000000952       -526.77967788361138     
   74.500000000001208       -526.85036265769565     
   75.000000000001464       -526.66897753326202     
   75.500000000001720       -513.59379749602419     
   76.000000000001975       -513.59753397275733     
   76.500000000002231       -513.70763231452918     
   77.000000000002487       -513.67008542039548     
   77.500000000002743       -513.59264669738479     
   78.000000000002998       -513.71762968590986     
   78.500000000003254       -513.56119016813318     
   79.000000000003510       -513.70614791610126     
   79.500000000003766       -513.49198421940775     
   80.000000000004022       -513.59713547436615     
   80.500000000004277       -500.50518956454698     
   81.000000000004533       -500.64731679185348     
   81.500000000004789       -500.56986240507621     
   82.000000000005045       -500.75515813468775     
   82.500000000005301       -500.67120637477052     
   83.000000000005556       -500.63918672473062     
   83.500000000005812       -500.69283373722652     
   84.000000000006068       -500.66518760645403     
   84.500000000006324       -500.55273367550296     
   85.000000000006580       -500.67679898887985     
   85.500000000006835       -494.36625327581726     
   86.000000000007091       -494.43192668880027     
   86.500000000007347       -494.38514746370134     
   87.000000000007603       -494.38390125119594     
   87.500000000007859       -494.22197826377061     
   88.000000000008114       -494.35970848651539     
   88.500000000008370       -494.43352491666843     
   89.000000000008626       -494.43074855334311     
   89.500000000008882       -494.26185716252064     
   90.000000000009138       -494.37750919577252     
   90.500000000009393       -492.37807558851790     
   91.000000000009649       -492.44384867563650     
   91.500000000009905       -492.30079717190978     
   92.000000000010161       -492.52141487722957     
   92.500000000010417       -492.34985766842021     
   93.000000000010672       -492.25721287231994     
   93.500000000010928       -492.26656228416067     
   94.000000000011184       -492.34113891997100     
   94.500000000011440       -492.32613165037014     
   95.000000000011696       -492.47948443444056     
   95.500000000011951       -523.88056435843896     
   96.000000000012207       -523.69450884534479     
   96.500000000012463       -523.79311252662114     
   97.000000000012719       -523.81692853330151     
   97.500000000012975       -523.66595486726374     
   98.000000000013230       -523.67797360773159     
   98.500000000013486       -523.62055530458520     
   99.000000000013742       -523.75278070777290     
   99.500000000013998       -523.69693594363639     
   100.00000000001425       -523.71404585149298     
   100.50000000001451       -509.94623076679113     
   101.00000000001477       -509.94706951618036     
   101.50000000001502       -510.00740674553867     
   102.00000000001528       -509.90954572199109     
   102.50000000001553       -509.98737965830981     
   103.00000000001579       -509.89896792840796     
   103.50000000001604       -509.90800980965651     
   104.00000000001630       -509.87244853531558     
   104.50000000001656       -509.84734254996926     
   105.00000000001681       -509.96063655566519     
   105.50000000001707       -517.51973874361215     
   106.00000000001732       -517.59117827678608     
   106.50000000001758       -517.50127295994992     
   107.00000000001783       -517.54361068322964     
   107.50000000001809       -517.56824829444065     
   108.00000000001835       -517.48388904906437     
   108.50000000001860       -517.49164780588831     
   109.00000000001886       -517.67745457100636     
   109.50000000001911       -517.49499260421089     
   110.00000000001937       -517.38951628430618     
   110.50000000001963       -517.50997679194802     
   111.00000000001988       -517.49934131097325     
   111.50000000002014       -517.32318155687267     
   112.00000000002039       -517.36685700393377     
   112.50000000002065       -517.65644087790156     
   113.00000000002090       -517.57105381831195     
   113.50000000002116       -517.36902189211060     
   114.00000000002142       -517.45279954733974     
   114.50000000002167       -517.48094754916633     
   115.00000000002193       -517.50889493907869     
   115.50000000002218       -504.45610709172172     
   116.00000000002244       -504.46407340530959     
   116.50000000002269       -504.48953996959557     
   117.00000000002295       -504.46751888608856     
   117.50000000002321       -504.39039598250559     
   118.00000000002346       -504.38618066909839     
   118.50000000002372       -504.42765035316364     
   119.00000000002397       -504.47358964671457     
   119.50000000002423       -504.60423868806578     
   120.00000000002449       -504.37534414896970     
   120.50000000002474       -501.30475707967440     
   121.00000000002500       -501.29817751423644     
   121.50000000002525       -501.22925645934453     
   122.00000000002551       -501.39621982778942     
   122.50000000002576       -501.28437722337355     
   123.00000000002602       -501.21899101904563     
   123.50000000002628       -501.36993456616773     
   124.00000000002653       -501.47629446904631     
   124.50000000002679       -501.21170731351100     
   125.00000000002704       -501.36203825143053     
   125.50000000002730       -527.30961307369148     
   126.00000000002755       -527.35331066528227     
   126.50000000002781       -527.49592627303855     
   127.00000000002807       -527.24472239287059     
   127.50000000002832       -527.41028555384048     
   128.00000000002856       -527.33918701059235     
   128.50000000002811       -527.56272426102396     
   129.00000000002765       -527.38950826141377     
   129.50000000002720       -527.34229252472448     
   130.00000000002674       -527.43659809196436     
   130.50000000002629       -488.00983882443785     
   131.00000000002584       -488.19153519447474     
   131.50000000002538       -488.07672269063664     
   132.00000000002493       -488.17137299143110     
   132.50000000002447       -488.29873634725595     
   133.00000000002402       -488.31891585991889     
   133.50000000002356       -488.32566676577062     
   134.00000000002311       -488.03392585654831     
   134.50000000002265       -488.27060111429705     
   135.00000000002220       -488.13367972802888     
   135.50000000002174       -504.94630312834414     
   136.00000000002129       -504.97698131872556     
   136.50000000002083       -504.87126649783556     
   137.00000000002038       -504.91207348831210     
   137.50000000001992       -505.13954960053729     
   138.00000000001947       -504.88732417054547     
   138.50000000001901       -504.83157423753363     
   139.00000000001856       -505.03823331735617     
   139.50000000001810       -505.08310930112856     
   140.00000000001765       -505.06043828835567     
   140.50000000001720       -507.05092634821239     
   141.00000000001674       -506.89686983399758     
   141.50000000001629       -506.90919286191524     
   142.00000000001583       -507.05380457955556     
   142.50000000001538       -506.95166669249954     
   143.00000000001492       -507.01573049788522     
   143.50000000001447       -506.99197010302214     
   144.00000000001401       -506.93035584168319     
   144.50000000001356       -506.90007512203226     
   145.00000000001310       -507.03123284061371     
   145.50000000001265       -510.50916154750132     
   146.00000000001219       -510.55372534547172     
   146.50000000001174       -510.51718072348228     
   147.00000000001128       -510.56678070418440     
   147.50000000001083       -510.36503641918944     
   148.00000000001037       -510.60354043571806     
   148.50000000000992       -510.45760307984449     
   149.00000000000946       -510.45717029802279     
   149.50000000000901       -510.48599103231470     
   150.00000000000855       -510.56967199422303     
   150.50000000000810       -531.72168509703454     
   151.00000000000765       -531.75818643038338     
   151.50000000000719       -531.75922810839143     
   152.00000000000674       -531.67344934485789     
   152.50000000000628       -531.73687303229406     
   153.00000000000583       -531.68481892420641     
   153.50000000000537       -531.66562113927819     
   154.00000000000492       -531.72310840675834     
   154.50000000000446       -531.84282202156032     
   155.00000000000401       -531.86933340935457     
   155.50000000000355       -527.85549061874156     
   156.00000000000310       -527.62520006749583     
   156.50000000000264       -527.71008797531783     
   157.00000000000219       -527.76670809877794     
   157.50000000000173       -527.75608921931223     
   158.00000000000128       -527.59582943246971     
   158.50000000000082       -527.85181979376853     
   159.00000000000037       -527.74799777918372     
   159.49999999999991       -527.73153588170101     
   159.99999999999946       -527.82396752697014     
   160.49999999999901       -528.95633826428650     
   160.99999999999855       -528.92686518559947     
   161.49999999999810       -529.00945930442731     
   161.99999999999764       -529.06328587467954     
   162.49999999999719       -529.11535106503857     
   162.99999999999673       -529.10858127652966     
   163.49999999999628       -529.00446120138099     
   163.99999999999582       -529.11784639798418     
   164.49999999999537       -528.92245349320842     
   164.99999999999491       -529.14381786227170     
   165.49999999999446       -538.11160024145909     
   165.99999999999400       -538.17302271106803     
   166.49999999999355       -538.13456393178728     
   166.99999999999309       -537.93265471967288     
   167.49999999999264       -538.07002876286674     
   167.99999999999218       -538.04606907170796     
   168.49999999999173       -538.14775257558290     
   168.99999999999127       -537.97480294841091     
   169.49999999999082       -538.18319378806632     
   169.99999999999037       -538.09200332944590     
   170.49999999998991       -511.43212314558872     
   170.99999999998946       -511.48377727791706     
   171.49999999998900       -511.35951238662176     
   171.99999999998855       -511.35575492595132     
   172.49999999998809       -511.50735319247292     
   172.99999999998764       -511.62108615416054     
   173.49999999998718       -511.48285572539891     
   173.99999999998673       -511.37673367582249     
   174.49999999998627       -511.49616018871518     
   174.99999999998582       -511.46859365403986     
   175.49999999998536       -519.43174058846569     
   175.99999999998491       -519.42675398596077     
   176.49999999998445       -519.51811621150762     
   176.99999999998400       -519.50101182382025     
   177.49999999998354       -519.53579456340685     
   177.99999999998309       -519.43055992760583     
   178.49999999998263       -519.40921719012329     
   178.99999999998218       -519.44684478378292     
   179.49999999998172       -519.36357114069938     
   179.99999999998127       -519.50556707961357     
   180.49999999998082       -530.94871400507805     
   180.99999999998036       -531.24541841087853     
   181.49999999997991       -531.02078777830536     
   181.99999999997945       -531.03444048019060     
   182.49999999997900       -531.09302494068083     
   182.99999999997854       -531.13284535744754     
   183.49999999997809       -531.12658802835347     
   183.99999999997763       -531.26165125282523     
   184.49999999997718       -531.10442535072320     
   184.99999999997672       -531.18892181999229     
   185.49999999997627       -530.64979402728034     
   185.99999999997581       -530.52448214394576     
   186.49999999997536       -530.70522637038152     
   186.99999999997490       -530.71881357021755     
   187.49999999997445       -530.62507750778673     
   187.99999999997399       -530.64343460942996     
   188.49999999997354       -530.67824294805700     
   188.99999999997308       -530.70864737787110     
   189.49999999997263       -530.66710269000998     
   189.99999999997218       -530.55951856306967     
   190.49999999997172       -519.84202039154854     
   190.99999999997127       -519.63656366879513     
   191.49999999997081       -519.58247288574489     
   191.99999999997036       -519.77050792685895     
   192.49999999996990       -519.79355142495876     
   192.99999999996945       -519.75764934783979     
   193.49999999996899       -519.69057507836862     
   193.99999999996854       -519.72584715779271     
   194.49999999996808       -519.74988092069043     
   194.99999999996763       -519.66652216694638     
   195.49999999996717       -500.07946130325223     
   195.99999999996672       -500.13957436538118     
   196.49999999996626       -500.16114912533288     
   196.99999999996581       -500.30627035733607     
   197.49999999996535       -500.24195849472375     
   197.99999999996490       -500.09102315157384     
   198.49999999996444       -500.37829815021161     
   198.99999999996399       -500.21705178823072     
   199.49999999996353       -500.34146638864905     
   199.99999999996308       -500.40459769387292     
   200.49999999996263       -530.11854782195428     
   200.99999999996217       -530.06406796439137     
   201.49999999996172       -530.28116465472931     
   201.99999999996126       -529.98949781705369     
   202.49999999996081       -529.95597702343844     
   202.99999999996035       -530.07491215104881     
   203.49999999995990       -530.11957364445936     
   203.99999999995944       -530.14130654570044     
   204.49999999995899       -530.20184747470989     
   204.99999999995853       -530.16842029246584     
   205.49999999995808       -517.62098710837256     
   205.99999999995762       -517.74794131432088     
   206.49999999995717       -517.62666756676856     
   206.99999999995671       -517.52416338528303     
   207.49999999995626       -517.60820542475653     
   207.99999999995580       -517.71537772793783     
   208.49999999995535       -517.65474950049349     
   208.99999999995489       -517.64727747202244     
   209.49999999995444       -517.76500660672809     
   209.99999999995399       -517.63817117344979     
   210.49999999995353       -516.23789870432563     
   210.99999999995308       -516.27884372185656     
   211.49999999995262       -516.32018411345030     
   211.99999999995217       -516.15465384978825     
   212.49999999995171       -516.34268864540468     
   212.99999999995126       -516.33067378479393     
   213.49999999995080       -516.29989318451044     
   213.99999999995035       -516.18125880900607     
   214.49999999994989       -516.38931772249953     
   214.99999999994944       -516.22837646825883     
   215.49999999994898       -509.52429573933989     
   215.99999999994853       -509.43254254307055     
   216.49999999994807       -509.58852394893040     
   216.99999999994762       -509.31148558636028     
   217.49999999994716       -509.45277571509411     
   217.99999999994671       -509.36005518665212     
   218.49999999994625       -509.38914002539224     
   218.99999999994580       -509.51425859709633     
   219.49999999994535       -509.42288450608771     
   219.99999999994489       -509.51129620442953     
   220.49999999994444       -525.12468206334268     
   220.99999999994398       -524.97263117663044     
   221.49999999994353       -524.96106684111317     
   221.99999999994307       -525.13813349138684     
   222.49999999994262       -524.99568172184331     
   222.99999999994216       -524.95357769301199     
   223.49999999994171       -525.06091155720867     
   223.99999999994125       -525.03274494722200     
   224.49999999994080       -524.90810924309665     
   224.99999999994034       -524.98196850585953     
   225.49999999993989       -482.30070416529475     
   225.99999999993943       -482.51688328574943     
   226.49999999993898       -482.34587882494100     
   226.99999999993852       -482.40671970268426     
   227.49999999993807       -482.53071243817891     
   227.99999999993761       -482.46164330079591     
   228.49999999993716       -482.63844253398992     
   228.99999999993670       -482.44810997825260     
   229.49999999993625       -482.43770886495395     
   229.99999999993580       -482.62646390038719     
   230.49999999993534       -494.32884907547259     
   230.99999999993489       -494.34750027510302     
   231.49999999993443       -494.64389941207344     
   231.99999999993398       -494.43822349741447     
   232.49999999993352       -494.30708967625662     
   232.99999999993307       -494.38847383200192     
   233.49999999993261       -494.54655105421585     
   233.99999999993216       -494.39642965054099     
   234.49999999993170       -494.27162061358149     
   234.99999999993125       -494.53118923511124     
   235.49999999993079       -518.31777662543982     
   235.99999999993034       -518.47934897426319     
   236.49999999992988       -518.44930038514019     
   236.99999999992943       -518.31391591796341     
   237.49999999992897       -518.31145978560244     
   237.99999999992852       -518.51124552261501     
   238.49999999992806       -518.49180897220197     
   238.99999999992761       -518.43523734087842     
   239.49999999992716       -518.32385925481333     
   239.99999999992670       -518.42466475482229     
   240.49999999992625       -490.79183546344041     
   240.99999999992579       -491.06639609155383     
   241.49999999992534       -491.15410485639052     
   241.99999999992488       -490.80829357516353     
   242.49999999992443       -491.02566111671945     
   242.99999999992397       -490.90965419426806     
   243.49999999992352       -490.90159868773236     
   243.99999999992306       -491.05099616769081     
   244.49999999992261       -490.84465574364179     
   244.99999999992215       -490.85253050083548     
   245.49999999992170       -506.07950498776233     
   245.99999999992124       -505.98294363187154     
   246.49999999992079       -505.91956582640120     
   246.99999999992033       -505.99143053241505     
   247.49999999991988       -506.00455291975732     
   247.99999999991942       -506.05970566280780     
   248.49999999991897       -506.10297413742035     
   248.99999999991851       -505.97144102056211     
   249.49999999991806       -506.09298192874542     
   249.99999999991761       -505.98136548814330     
   250.49999999991715       -495.35125151555059     
   250.99999999991670       -495.49594979863571     
   251.49999999991624       -495.52165247813048     
   251.99999999991579       -495.54279615772504     
   252.49999999991533       -495.52630466175066     
   252.99999999991488       -495.27408676185144     
   253.49999999991442       -495.48493911881314     
   253.99999999991397       -495.47272050253929     
   254.49999999991351       -495.48091544002671     
   254.99999999991306       -495.53608250401766     
   255.49999999991260       -514.77695223886883     
   255.99999999991215       -514.86333816722049     
   256.49999999991172       -515.02778714171916     
   256.99999999991127       -514.82330824203109     
   257.49999999991081       -514.81740830728711     
   257.99999999991036       -514.81581533994120     
   258.49999999990990       -514.73961191652575     
   258.99999999990945       -514.81574590776745     
   259.49999999990899       -514.87746069890932     
   259.99999999990854       -514.88866343007555     
   260.49999999990808       -510.64311658105004     
   260.99999999990763       -510.50095502359551     
   261.49999999990717       -510.71528879585549     
   261.99999999990672       -510.66338639246385     
   262.49999999990627       -510.71004357265474     
   262.99999999990581       -510.53806531748000     
   263.49999999990536       -510.40681799194471     
   263.99999999990490       -510.57132439908531     
   264.49999999990445       -510.71516593912668     
   264.99999999990399       -510.67249727414804     
   265.49999999990354       -541.58964354669274     
   265.99999999990308       -541.60546482719042     
   266.49999999990263       -541.74380839684693     
   266.99999999990217       -541.56109197037426     
   267.49999999990172       -541.63525230230982     
   267.99999999990126       -541.39849662913525     
   268.49999999990081       -541.62747066231293     
   268.99999999990035       -541.55971218373645     
   269.49999999989990       -541.58981164163583     
   269.99999999989944       -541.57087776500157     
   270.49999999989899       -536.34103384809850     
   270.99999999989853       -536.30218419399102     
   271.49999999989808       -536.36471006305953     
   271.99999999989763       -536.49576115794321     
   272.49999999989717       -536.35230924038160     
   272.99999999989672       -536.29881013963234     
   273.49999999989626       -536.39832680961410     
   273.99999999989581       -536.29094459099906     
   274.49999999989535       -536.16019547005453     
   274.99999999989490       -536.39362597423610     
   275.49999999989444       -522.03207905056581     
   275.99999999989399       -521.93234566149169     
   276.49999999989353       -521.93275088016617     
   276.99999999989308       -521.94060773284127     
   277.49999999989262       -521.92669820498656     
   277.99999999989217       -521.70395764982663     
   278.49999999989171       -521.84656096170784     
   278.99999999989126       -521.97617084633839     
   279.49999999989080       -521.97619012995199     
   279.99999999989035       -521.90609983972354     
   280.49999999988989       -518.75263213068672     
   280.99999999988944       -518.78855051889570     
   281.49999999988898       -518.75680300875047     
   281.99999999988853       -518.95305891958583     
   282.49999999988808       -518.88752718084561     
   282.99999999988762       -518.82191159233287     
   283.49999999988717       -518.93459213464985     
   283.99999999988671       -518.75889801575443     
   284.49999999988626       -518.83909306694943     
   284.99999999988580       -518.77838481572417     
   285.49999999988535       -505.46764853578816     
   285.99999999988489       -505.46541909977151     
   286.49999999988444       -505.35839163136899     
   286.99999999988398       -505.54062883585300     
   287.49999999988353       -505.47471884896459     
   287.99999999988307       -505.54594650379596     
   288.49999999988262       -505.56372995259898     
   288.99999999988216       -505.53641929641350     
   289.49999999988171       -505.46575985964955     
   289.99999999988125       -505.45905739908608     
   290.49999999988080       -498.20794187848207     
   290.99999999988034       -498.31563362449441     
   291.49999999987989       -498.36995263350389     
   291.99999999987944       -498.34172374550184     
   292.49999999987898       -498.33322609928501     
   292.99999999987853       -498.22573616297655     
   293.49999999987807       -498.14372413559425     
   293.99999999987762       -498.28930010972391     
   294.49999999987716       -498.30626903494175     
   294.99999999987671       -498.13186660924708     
   295.49999999987625       -505.80078572084682     
   295.99999999987580       -505.92633017422122     
   296.49999999987534       -505.96678940176469     
   296.99999999987489       -505.99351893368652     
   297.49999999987443       -505.97110074180347     
   297.99999999987398       -506.01540239269565     
   298.49999999987352       -505.95551463742419     
   298.99999999987307       -505.99750912068777     
   299.49999999987261       -505.91258363782515     
   299.99999999987216       -506.02472816444879     
   300.49999999987170       -522.30617198225457     
   300.99999999987125       -522.39648180472796     
   301.49999999987079       -522.39988747403595     
   301.99999999987034       -522.43605371417186     
   302.49999999986989       -522.49585732148751     
   302.99999999986943       -522.61037404025114     
   303.49999999986898       -522.53473176908881     
   303.99999999986852       -522.57445967515116     
   304.49999999986807       -522.60259621227192     
   304.99999999986761       -522.38480669329374     
   305.49999999986716       -523.39177979653527     
   305.99999999986670       -523.40639105063076     
   306.49999999986625       -523.52196924765678     
   306.99999999986579       -523.45818710332901     
   307.49999999986534       -523.52280032707165     
   307.99999999986488       -523.52159897046010     
   308.49999999986443       -523.37769336609085     
   308.99999999986397       -523.53937989739325     
   309.49999999986352       -523.46006340288841     
   309.99999999986306       -523.41046249178748     
   310.49999999986261       -507.09100054467939     
   310.99999999986215       -506.97174928686076     
   311.49999999986170       -507.03566221092598     
   311.99999999986125       -506.86974274936262     
   312.49999999986079       -506.87240499733889     
   312.99999999986034       -506.97849444631038     
   313.49999999985988       -507.06865878793531     
   313.99999999985943       -507.15529953448549     
   314.49999999985897       -506.93724163190512     
   314.99999999985852       -507.18268239696005     
   315.49999999985806       -530.18485435154116     
   315.99999999985761       -530.03877605550213     
   316.49999999985715       -530.16633205591029     
   316.99999999985670       -530.25464476780519     
   317.49999999985624       -530.11996234844423     
   317.99999999985579       -529.99630372576883     
   318.49999999985533       -530.13575563479105     
   318.99999999985488       -530.10687283594962     
   319.49999999985442       -530.03793886123913     
   319.99999999985397       -530.06751227880738     
   320.49999999985351       -523.88398758859046     
   320.99999999985306       -523.90257168062681     
   321.49999999985261       -523.71071224927323     
   321.99999999985215       -523.86130562704022     
   322.49999999985170       -523.90839627183686     
   322.99999999985124       -524.01014424996117     
   323.49999999985079       -523.87016045412940     
   323.99999999985033       -523.86723323555316     
   324.49999999984988       -523.77694510012213     
   324.99999999984942       -523.84620475729707     
   325.49999999984897       -520.14329290580304     
   325.99999999984851       -520.17611036015796     
   326.49999999984806       -520.00191523190711     
   326.99999999984760       -519.99008915045385     
   327.49999999984715       -520.08952475975582     
   327.99999999984669       -520.16568962557335     
   328.49999999984624       -520.15831741521720     
   328.99999999984578       -520.12405758153091     
   329.49999999984533       -520.07103909453656     
   329.99999999984487       -520.01322877308576     
   330.49999999984442       -532.72214971172104     
   330.99999999984396       -532.80201876803756     
   331.49999999984351       -532.83170333039936     
   331.99999999984306       -532.83678867283857     
   332.49999999984260       -532.85902584063331     
   332.99999999984215       -532.95155237750316     
   333.49999999984169       -532.93004303610155     
   333.99999999984124       -532.96639827643071     
   334.49999999984078       -532.87846353458019     
   334.99999999984033       -532.81881948386626     
   335.49999999983987       -501.59572252693511     
   335.99999999983942       -501.69473669464878     
   336.49999999983896       -501.48490588934817     
   336.99999999983851       -501.66009900935501     
   337.49999999983805       -501.52914060314447     
   337.99999999983760       -501.60648248104263     
   338.49999999983714       -501.53338885393902     
   338.99999999983669       -501.56194897937104     
   339.49999999983623       -501.77946897269527     
   339.99999999983578       -501.57799006796938     
   340.49999999983532       -502.98992707501947     
   340.99999999983487       -502.95986884844336     
   341.49999999983442       -503.16092838843775     
   341.99999999983396       -503.01359725650417     
   342.49999999983351       -502.94564657127535     
   342.99999999983305       -502.89699212719671     
   343.49999999983260       -502.96724228253663     
   343.99999999983214       -503.07748002488870     
   344.49999999983169       -503.05512265058428     
   344.99999999983123       -502.95234579396646     
   345.49999999983078       -527.57905493237797     
   345.99999999983032       -527.75146574899338     
   346.49999999982987       -527.64994933589503     
   346.99999999982941       -527.58763779169908     
   347.49999999982896       -527.50917686099604     
   347.99999999982850       -527.60138165232399     
   348.49999999982805       -527.48769475362940     
   348.99999999982759       -527.71089874557401     
   349.49999999982714       -527.72146868272364     
   349.99999999982668       -527.60290472131965     
   350.49999999982623       -519.20139154476726     
   350.99999999982577       -519.11124603828614     
   351.49999999982532       -519.02896418074806     
   351.99999999982487       -519.22919643467424     
   352.49999999982441       -519.14908854289740     
   352.99999999982396       -518.99144488268371     
   353.49999999982350       -519.10336106995840     
   353.99999999982305       -519.30866379795839     
   354.49999999982259       -519.16226984801665     
   354.99999999982214       -519.12696290921099     
   355.49999999982168       -530.20990411149523     
   355.99999999982123       -530.13098785345198     
   356.49999999982077       -530.21646354653569     
   356.99999999982032       -530.24718140858090     
   357.49999999981986       -530.08468828590060     
   357.99999999981941       -530.15541157382836     
   358.49999999981895       -530.18072406843385     
   358.99999999981850       -530.25835971046672     
   359.49999999981804       -530.20901675532161     
   359.99999999981759       -530.09923543571995     
   360.49999999981713       -519.33237554668995     
   360.99999999981668       -519.32860157163259     
   361.49999999981623       -519.37398053611673     
   361.99999999981577       -519.31950581392243     
   362.49999999981532       -519.42218124771910     
   362.99999999981486       -519.39248193554045     
   363.49999999981441       -519.45222528845966     
   363.99999999981395       -519.08911389794321     
   364.49999999981350       -519.22445405524900     
   364.99999999981304       -519.31532071608365     
   365.49999999981259       -526.41493423638349     
   365.99999999981213       -526.32031438334343     
   366.49999999981168       -526.39065215398841     
   366.99999999981122       -526.30207551423064     
   367.49999999981077       -526.31550221658529     
   367.99999999981031       -526.37199604592695     
   368.49999999980986       -526.38255331894425     
   368.99999999980940       -526.28170913771066     
   369.49999999980895       -526.31606040431984     
   369.99999999980849       -526.40185470602398     
   370.49999999980804       -516.04479500622188     
   370.99999999980759       -515.84813993081400     
   371.49999999980713       -516.00126222770871     
   371.99999999980668       -516.10293511868997     
   372.49999999980622       -515.98655134791159     
   372.99999999980577       -516.06414292374052     
   373.49999999980531       -515.92993881441157     
   373.99999999980486       -516.07656969068091     
   374.49999999980440       -515.96810334998202     
   374.99999999980395       -515.89548357522051     
   375.49999999980349       -497.84716689815042     
   375.99999999980304       -497.96225488227662     
   376.49999999980258       -498.02933177283984     
   376.99999999980213       -498.08662899384586     
   377.49999999980167       -497.85574031422311     
   377.99999999980122       -497.91884764688979     
   378.49999999980076       -497.82172326234098     
   378.99999999980031       -498.04102553640985     
   379.49999999979985       -497.91216603166987     
   379.99999999979940       -497.85529918153998     
   380.49999999979894       -515.57435363431478     
   380.99999999979849       -515.74517331628317     
   381.49999999979804       -515.95541418464245     
   381.99999999979758       -515.79137581663520     
   382.49999999979713       -515.79613282463549     
   382.99999999979667       -515.71620625893752     
   383.49999999979622       -515.69150185516469     
   383.99999999979576       -515.55400269230859     
   384.49999999979531       -515.89729085542263     
   384.99999999979485       -515.84493088140960     
   385.49999999979440       -498.62017117000056     
   385.99999999979394       -498.75983283156711     
   386.49999999979349       -498.73349492374268     
   386.99999999979303       -498.75757081840726     
   387.49999999979258       -498.66934501473230     
   387.99999999979212       -498.79480520720909     
   388.49999999979167       -498.81341173041938     
   388.99999999979121       -498.77041417295663     
   389.49999999979076       -498.87933657259975     
   389.99999999979030       -498.73960466779812     
   390.49999999978985       -528.72051154192275     
   390.99999999978940       -528.55142596243991     
   391.49999999978894       -528.52603046363265     
   391.99999999978849       -528.51666879990353     
   392.49999999978803       -528.50658139802317     
   392.99999999978758       -528.49514394238349     
   393.49999999978712       -528.50054714904456     
   393.99999999978667       -528.63874922825050     
   394.49999999978621       -528.51120822917801     
   394.99999999978576       -528.48277952208082     
   395.49999999978530       -520.60588456589699     
   395.99999999978485       -520.73770366047643     
   396.49999999978439       -520.70955058539130     
   396.99999999978394       -520.67904494284846     
   397.49999999978348       -520.63737575058065     
   397.99999999978303       -520.81109497448108     
   398.49999999978257       -520.69586722223232     
   398.99999999978212       -520.68103082868663     
   399.49999999978166       -520.73339955489610     
   399.99999999978121       -520.50295940086028     
   400.49999999978075       -497.25641664378725     
   400.99999999978030       -497.24968673369960     
   401.49999999977985       -497.00893159098553     
   401.99999999977939       -497.21964680594203     
   402.49999999977894       -497.25202507530219     
   402.99999999977848       -497.13393541814651     
   403.49999999977803       -497.22771200682746     
   403.99999999977757       -497.30827295583771     
   404.49999999977712       -497.20891885254019     
   404.99999999977666       -497.23582464181652     
   405.49999999977621       -492.91781343011957     
   405.99999999977575       -492.90462297402513     
   406.49999999977530       -492.84209882861677     
   406.99999999977484       -492.91245536670556     
   407.49999999977439       -492.91292327672357     
   407.99999999977393       -492.81646562383065     
   408.49999999977348       -492.78699326042340     
   408.99999999977302       -492.72154218539521     
   409.49999999977257       -492.83716690441679     
   409.99999999977211       -492.81053849218551     
   410.49999999977166       -519.35108600880119     
   410.99999999977121       -519.54775708439718     
   411.49999999977075       -519.49887341546503     
   411.99999999977030       -519.53192777009269     
   412.49999999976984       -519.45871354938561     
   412.99999999976939       -519.49999340346312     
   413.49999999976893       -519.51170995725886     
   413.99999999976848       -519.51788561141734     
   414.49999999976802       -519.45006638801385     
   414.99999999976757       -519.54249663355199     
   415.49999999976711       -503.94497373423462     
   415.99999999976666       -503.90050175344800     
   416.49999999976620       -504.02765986274642     
   416.99999999976575       -503.97305510319222     
   417.49999999976529       -504.17647518521983     
   417.99999999976484       -504.08461527879217     
   418.49999999976438       -503.98819581965444     
   418.99999999976393       -503.84381480832877     
   419.49999999976347       -503.94325251955922     
   419.99999999976302       -504.02587334055841     
   420.49999999976257       -491.64729014275963     
   420.99999999976211       -491.69577536069852     
   421.49999999976166       -491.57068973651639     
   421.99999999976120       -491.82830105287292     
   422.49999999976075       -491.53476981443418     
   422.99999999976029       -491.67515120460109     
   423.49999999975984       -491.76446606463838     
   423.99999999975938       -491.74543419273260     
   424.49999999975893       -491.75680297755741     
   424.99999999975847       -491.66738374255084     
   425.49999999975802       -526.64488144901361     
   425.99999999975756       -526.44452996076268     
   426.49999999975711       -526.51881408913141     
   426.99999999975665       -526.58086062278824     
   427.49999999975620       -526.62687316539257     
   427.99999999975574       -526.48337751044085     
   428.49999999975529       -526.40928757200174     
   428.99999999975483       -526.75257338711481     
   429.49999999975438       -526.76038232364635     
   429.99999999975392       -526.44658947297694     
   430.49999999975347       -505.66214707280812     
   430.99999999975302       -505.59372010427967     
   431.49999999975256       -505.67493188586116     
   431.99999999975211       -505.77527388189327     
   432.49999999975165       -505.64680290186203     
   432.99999999975120       -505.80972041775112     
   433.49999999975074       -505.77714784229772     
   433.99999999975029       -505.77565474979758     
   434.49999999974983       -505.78299815105953     
   434.99999999974938       -505.68353232298301     
   435.49999999974892       -522.78640185956522     
   435.99999999974847       -522.78008926104189     
   436.49999999974801       -522.80703120382077     
   436.99999999974756       -522.80822691745277     
   437.49999999974710       -522.72881317221356     
   437.99999999974665       -522.89922292915048     
   438.49999999974619       -522.75438707758724     
   438.99999999974574       -522.70226923056020     
   439.49999999974528       -522.85825093872052     
   439.99999999974483       -522.77198097795656     
   440.49999999974438       -522.35851088713707     
   440.99999999974392       -522.29327375238370     
   441.49999999974347       -522.47561940405876     
   441.99999999974301       -522.41300327922090     
   442.49999999974256       -522.46381081761831     
   442.99999999974210       -522.42103296028483     
   443.49999999974165       -522.48486834707739     
   443.99999999974119       -522.44389949916922     
   444.49999999974074       -522.44282518424120     
   444.99999999974028       -522.41890418806895     
   445.49999999973983       -529.57754885022757     
   445.99999999973937       -529.39420574028100     
   446.49999999973892       -529.53858353099486     
   446.99999999973846       -529.68276969178385     
   447.49999999973801       -529.53841209008908     
   447.99999999973755       -529.35635632517415     
   448.49999999973710       -529.51160562500343     
   448.99999999973664       -529.55346566651781     
   449.49999999973619       -529.59572669956310     
   449.99999999973573       -529.46641078138464     
   450.49999999973528       -524.79894392733206     
   450.99999999973483       -524.74854881017257     
   451.49999999973437       -524.83869107544865     
   451.99999999973392       -524.82421319431194     
   452.49999999973346       -524.90754091359020     
   452.99999999973301       -524.75303716686619     
   453.49999999973255       -524.71523687251511     
   453.99999999973210       -524.79638650317463     
   454.49999999973164       -524.68523375007840     
   454.99999999973119       -524.76067186269347     
   455.49999999973073       -547.86625503321147     
   455.99999999973028       -547.77292085474505     
   456.49999999972982       -547.89113195502227     
   456.99999999972937       -548.02501887223366     
   457.49999999972891       -547.84228590406610     
   457.99999999972846       -547.91133464914992     
   458.49999999972800       -547.77482081541689     
   458.99999999972755       -547.82038349045229     
   459.49999999972709       -547.88040468687689     
   459.99999999972664       -547.81315221852390     
   460.49999999972619       -545.86390378195006     
   460.99999999972573       -545.87194515958106     
   461.49999999972528       -545.74660894961323     
   461.99999999972482       -545.80574415236151     
   462.49999999972437       -545.88848388324152     
   462.99999999972391       -545.74076937935274     
   463.49999999972346       -545.81254492304595     
   463.99999999972300       -545.89542443648440     
   464.49999999972255       -545.79597561144385     
   464.99999999972209       -545.74071365555642     
   465.49999999972164       -539.23707905733602     
   465.99999999972118       -539.12251123175224     
   466.49999999972073       -539.09549016291305     
   466.99999999972027       -539.23197272506548     
   467.49999999971982       -539.15731785437572     
   467.99999999971936       -539.07653575846120     
   468.49999999971891       -539.15667463448926     
   468.99999999971845       -539.14796846347099     
   469.49999999971800       -539.19351933100063     
   469.99999999971755       -539.15973000442034     
   470.49999999971709       -510.40953240723593     
   470.99999999971664       -510.33928702922367     
   471.49999999971618       -510.35104882867762     
   471.99999999971573       -510.42926625654849     
   472.49999999971527       -510.38388683944106     
   472.99999999971482       -510.35563061534992     
   473.49999999971436       -510.46205503172860     
   473.99999999971391       -510.43915687200251     
   474.49999999971345       -510.31859369511017     
   474.99999999971300       -510.17830011785730     
   475.49999999971254       -487.78861945155040     
   475.99999999971209       -487.98622530268750     
   476.49999999971163       -487.78592749031020     
   476.99999999971118       -488.02520634368773     
   477.49999999971072       -487.99399994262234     
   477.99999999971027       -488.06455837859977     
   478.49999999970981       -487.91903229894075     
   478.99999999970936       -487.85263367771410     
   479.49999999970890       -487.85157596488415     
   479.99999999970845       -487.93932567732907     
   480.49999999970800       -478.12561095878351     
   480.99999999970754       -478.10357430083923     
   481.49999999970709       -477.95407157091063     
   481.99999999970663       -477.91988040023364     
   482.49999999970618       -478.05290006481005     
   482.99999999970572       -478.11755363808822     
   483.49999999970527       -477.90055548887716     
   483.99999999970481       -478.15889470460274     
   484.49999999970436       -478.17209931490885     
   484.99999999970390       -478.07737742859251     
   485.49999999970345       -517.27470087043173     
   485.99999999970299       -517.12490315491766     
   486.49999999970254       -517.36053202856431     
   486.99999999970208       -517.22332041404559     
   487.49999999970163       -517.18864186286339     
   487.99999999970117       -517.23102331612836     
   488.49999999970072       -517.32176607870383     
   488.99999999970026       -517.19372924209813     
   489.49999999969981       -517.15192667272447     
   489.99999999969936       -517.23956479836932     
   490.49999999969890       -534.37604864019181     
   490.99999999969845       -534.37743026611975     
   491.49999999969799       -534.30754495593544     
   491.99999999969754       -534.25420012190523     
   492.49999999969708       -534.43127791809013     
   492.99999999969663       -534.22333700533795     
   493.49999999969617       -534.31354862714841     
   493.99999999969572       -534.40183394441419     
   494.49999999969526       -534.11784474120327     
   494.99999999969481       -534.35248350571487     
   495.49999999969435       -518.92898673719401     
   495.99999999969390       -518.94195279698170     
   496.49999999969344       -518.89197758064608     
   496.99999999969299       -518.85886657806168     
   497.49999999969253       -518.88879386197675     
   497.99999999969208       -519.01128791388055     
   498.49999999969162       -519.03456342552988     
   498.99999999969117       -519.00424384966880     
   499.49999999969071       -518.86545647714354     
