   0.0000000000000000        0.0000000000000000     
   5.0000000000000003E-002   3.3679029915009333E-003
   9.9999999999999992E-002   1.4443681047101625E-002
  0.14999999999999999        2.8304300808589682E-002
  0.20000000000000004        4.3559342590078508E-002
  0.25000000000000006        5.9548232469331469E-002
  0.30000000000000010        7.4422343933995758E-002
  0.35000000000000014        8.7490866887860078E-002
  0.40000000000000019        9.9656484267969206E-002
  0.45000000000000023       0.11197578390480194     
  0.50000000000000022       0.12656481835340402     
  0.55000000000000027       0.14247489413341916     
  0.60000000000000031       0.15759862389991428     
  0.65000000000000036       0.17008205966966328     
  0.70000000000000040       0.18018409125556922     
  0.75000000000000044       0.19031392750950304     
  0.80000000000000049       0.19865505970850450     
  0.85000000000000053       0.20611452283872275     
  0.90000000000000058       0.21361757122486627     
  0.95000000000000062       0.22059946329227206     
   1.0000000000000007       0.22522304599025411     
   1.0500000000000007       0.22844377979324232     
   1.1000000000000008       0.23401181672235599     
   1.1500000000000008       0.24041603863370659     
   1.2000000000000008       0.24947309475148902     
   1.2500000000000009       0.25934677092095954     
   1.3000000000000009       0.26620598784379712     
   1.3500000000000010       0.27308302519479805     
   1.4000000000000010       0.28187940184869559     
   1.4500000000000011       0.29455153460568506     
   1.5000000000000011       0.31306480682094434     
   1.5500000000000012       0.33245468396587780     
   1.6000000000000012       0.35012548006733435     
   1.6500000000000012       0.36188658844924237     
   1.7000000000000013       0.36766538503969559     
   1.7500000000000013       0.37484375453776214     
   1.8000000000000014       0.38415826322841740     
   1.8500000000000014       0.39232400612677387     
   1.9000000000000015       0.39854936096760168     
   1.9500000000000015       0.40253748373066445     
   2.0000000000000013       0.40804751600256345     
   2.0500000000000003       0.41754571179750033     
   2.0999999999999992       0.43176593290420429     
   2.1499999999999981       0.44879651978572976     
   2.1999999999999971       0.46872458379314574     
   2.2499999999999960       0.48891653651548389     
   2.2999999999999949       0.50707072577804124     
   2.3499999999999939       0.52430970358208329     
   2.3999999999999928       0.54384153202668872     
   2.4499999999999917       0.56647975189205135     
   2.4999999999999907       0.59221734165829254     
   2.5499999999999896       0.61505862682155366     
   2.5999999999999885       0.63164549117304425     
   2.6499999999999875       0.64292083834733016     
   2.6999999999999864       0.65301296622319160     
   2.7499999999999853       0.66457702922524298     
   2.7999999999999843       0.67457150306420444     
   2.8499999999999832       0.68579156975759481     
   2.8999999999999821       0.70194722207081139     
   2.9499999999999811       0.72083104007693088     
   2.9999999999999800       0.73903962066561191     
   3.0499999999999790       0.75888857687158873     
   3.0999999999999779       0.78103781866292121     
   3.1499999999999768       0.80398555574479535     
   3.1999999999999758       0.82723577781345670     
   3.2499999999999747       0.85312279505822275     
   3.2999999999999736       0.87964814173400552     
   3.3499999999999726       0.90141994506143841     
   3.3999999999999715       0.91806651574640930     
   3.4499999999999704       0.93607451850433943     
   3.4999999999999694       0.95924700870534152     
   3.5499999999999683       0.98454907384565404     
   3.5999999999999672        1.0088734452363248     
   3.6499999999999662        1.0324067486135806     
   3.6999999999999651        1.0537877228290424     
   3.7499999999999640        1.0718063974893042     
   3.7999999999999630        1.0868103361839612     
   3.8499999999999619        1.1000208893574119     
   3.8999999999999608        1.1158716706611653     
   3.9499999999999598        1.1331249086289952     
   3.9999999999999587        1.1543983003493810     
   4.0499999999999581        1.1769480968969757     
   4.0999999999999570        1.1928367660338468     
   4.1499999999999559        1.2033263424560794     
   4.1999999999999549        1.2163091912488480     
   4.2499999999999538        1.2332964533591475     
   4.2999999999999527        1.2499706096017120     
   4.3499999999999517        1.2653818551507905     
   4.3999999999999506        1.2809380349802095     
   4.4499999999999496        1.3009009224595802     
   4.4999999999999485        1.3241516561162332     
   4.5499999999999474        1.3505525327903534     
   4.5999999999999464        1.3795513378623994     
   4.6499999999999453        1.4080781157713447     
   4.6999999999999442        1.4325181533290641     
   4.7499999999999432        1.4500968617104406     
   4.7999999999999421        1.4663105322065053     
   4.8499999999999410        1.4796614891594946     
   4.8999999999999400        1.4890770684174410     
   4.9499999999999389        1.4975375282878800     
