   0.0000000000000000        1.6971895931597447     
  0.50000000000000022        1.7554100933550607     
   1.0000000000000007        1.7692960785031233     
   1.5000000000000011        1.8486134125055182     
   2.0000000000000013        1.8317130825118264     
   2.4999999999999907        2.0454890615597079     
   2.9999999999999800        1.8224595451996393     
   3.4999999999999694        1.9192791909005669     
   3.9999999999999587        1.9464235092101043     
   4.4999999999999485        1.9616497981305676     
   4.9999999999999378        1.8825368666275435     
   5.4999999999999272        1.5370684553142080     
   5.9999999999999165        1.7040985803704123     
   6.4999999999999059        1.6018258653354276     
   6.9999999999998952        1.6501455575899806     
   7.4999999999998845        1.6919581440462594     
   7.9999999999998739        1.6925433722670435     
   8.4999999999998632        1.6646641832834859     
   8.9999999999998526        1.8101983723404804     
   9.4999999999998419        1.6688163110974104     
   9.9999999999998312        1.6655950563624753     
   10.499999999999821        1.6399398119051949     
   10.999999999999810        1.5996368857859489     
   11.499999999999799        1.6016224552712448     
   11.999999999999789        1.6457007499632255     
   12.499999999999778        1.7307561764002786     
   12.999999999999767        1.6212134227303483     
   13.499999999999757        1.5079827866626643     
   13.999999999999746        1.6144780500802580     
   14.499999999999735        1.4838009005165569     
   14.999999999999725        1.6013509499158380     
   15.499999999999714        1.5751823734626647     
   15.999999999999703        1.6423392319787227     
   16.499999999999780        1.5753896084169410     
   16.999999999999858        1.6794548898666075     
   17.499999999999936        1.5996168930020185     
   18.000000000000014        1.5457769789027880     
   18.500000000000092        1.5161623070421943     
   19.000000000000171        1.4333524906491593     
   19.500000000000249        1.5791049737179492     
   20.000000000000327        1.5204596410457147     
   20.500000000000405        1.5016015258030562     
   21.000000000000483        1.5286432003711856     
   21.500000000000561        1.5404980981126619     
   22.000000000000639        1.5810945156503886     
   22.500000000000718        1.3249365443987136     
   23.000000000000796        1.5005836884782253     
   23.500000000000874        1.5350008759478384     
   24.000000000000952        1.5348132866800348     
   24.500000000001030        1.6896435384717980     
   25.000000000001108        1.5540549866398523     
   25.500000000001187        1.7122867442555445     
   26.000000000001265        1.5531163582146306     
   26.500000000001343        1.5261945089524807     
   27.000000000001421        1.5934894556097301     
   27.500000000001499        1.5651726371805144     
   28.000000000001577        1.5350036694974205     
   28.500000000001656        1.5191717843641768     
   29.000000000001734        1.5774091715597010     
   29.500000000001812        1.6362393588613209     
   30.000000000001890        1.5674238559459241     
   30.500000000001968        1.5060113741697165     
   31.000000000002046        1.5833822887250690     
   31.500000000002125        1.6528923302141612     
   32.000000000002203        1.5619776823672888     
   32.500000000002103        1.5614065098674086     
   33.000000000002004        1.5811277633921983     
   33.500000000001904        1.7086233110335407     
   34.000000000001805        1.6398927564833485     
   34.500000000001705        1.5216165713999354     
   35.000000000001606        1.5581604409008805     
   35.500000000001506        1.4823333995100474     
   36.000000000001407        1.5104041005037756     
   36.500000000001307        1.4959359018891878     
   37.000000000001208        1.5039070887184238     
   37.500000000001108        1.5732187865760199     
   38.000000000001009        1.4049872921997235     
   38.500000000000909        1.4217182307096636     
   39.000000000000810        1.5181646309904286     
   39.500000000000711        1.4538233114682140     
   40.000000000000611        1.4344958713134934     
   40.500000000000512        1.5914649613245342     
   41.000000000000412        1.6390913432369634     
   41.500000000000313        1.6639010123353619     
   42.000000000000213        1.6146980209328459     
   42.500000000000114        1.5291549565440856     
   43.000000000000014        1.5549598777575826     
   43.499999999999915        1.6014373395826897     
   43.999999999999815        1.5914065568639786     
   44.499999999999716        1.5818892284488826     
   44.999999999999616        1.5771791424695347     
   45.499999999999517        1.5456748317983733     
   45.999999999999417        1.5122053602624228     
   46.499999999999318        1.4386533433367359     
   46.999999999999218        1.6320638739465494     
   47.499999999999119        1.6391795199712009     
   47.999999999999019        1.4909769658735363     
   48.499999999998920        1.5405912403300621     
   48.999999999998820        1.5899231546198225     
   49.499999999998721        1.5034472174005791     
   49.999999999998622        1.5477606331306744     
   50.499999999998522        1.5601844692016034     
   50.999999999998423        1.6673333488378066     
   51.499999999998323        1.6687601708639304     
   51.999999999998224        1.6630087061435219     
   52.499999999998124        1.6952781570965507     
   52.999999999998025        1.6651111489367600     
   53.499999999997925        1.5569592045601626     
   53.999999999997826        1.5652538905216853     
   54.499999999997726        1.6028835614250665     
   54.999999999997627        1.5902782339314216     
   55.499999999997527        1.4224114111835824     
   55.999999999997428        1.5067570164438140     
   56.499999999997328        1.5973350447355821     
   56.999999999997229        1.6722460580710368     
   57.499999999997129        1.6051665366239154     
   57.999999999997030        1.5790868571857797     
   58.499999999996930        1.4530626567332356     
   58.999999999996831        1.4760284128757308     
   59.499999999996732        1.6515773642525606     
   59.999999999996632        1.5119891074058551     
   60.499999999996533        1.5938113339059328     
   60.999999999996433        1.5972397415275386     
   61.499999999996334        1.6308320792189912     
   61.999999999996234        1.6012365685302985     
   62.499999999996135        1.5133794916610963     
   62.999999999996035        1.6186482733368366     
   63.499999999995936        1.5603325145994453     
   63.999999999995836        1.6065945809781752     
   64.499999999996092        1.5265695813917979     
   64.999999999996348        1.6201389783382274     
   65.499999999996604        1.4110196053468302     
   65.999999999996859        1.5384691515674267     
   66.499999999997115        1.4013520805794051     
   66.999999999997371        1.4327090120157286     
   67.499999999997627        1.4743147317309782     
   67.999999999997883        1.4824624857827549     
   68.499999999998138        1.4981557260333649     
   68.999999999998394        1.5201713672148112     
   69.499999999998650        1.4783799498690628     
   69.999999999998906        1.5009880570549226     
   70.499999999999162        1.6401922799940680     
   70.999999999999417        1.5128389540567455     
   71.499999999999673        1.5868220442198808     
   71.999999999999929        1.6035087677557978     
   72.500000000000185        1.5214396467825140     
   73.000000000000441        1.5728633932901777     
   73.500000000000696        1.5415850434280811     
   74.000000000000952        1.4993644885930348     
   74.500000000001208        1.5267811710119654     
   75.000000000001464        1.5003097397013494     
   75.500000000001720        1.3913068292359554     
   76.000000000001975        1.6547037440518262     
   76.500000000002231        1.6866897935911953     
   77.000000000002487        1.5843645906127872     
   77.500000000002743        1.6625478205747650     
   78.000000000002998        1.5728964125839271     
   78.500000000003254        1.5557979473882815     
   79.000000000003510        1.6408707238556335     
   79.500000000003766        1.5089359301828769     
   80.000000000004022        1.5849375824396166     
   80.500000000004277        1.6507040538924589     
   81.000000000004533        1.7382320884298594     
   81.500000000004789        1.7258537789975446     
   82.000000000005045        1.6982132193525634     
   82.500000000005301        1.6900562697466688     
   83.000000000005556        1.6890320907630345     
   83.500000000005812        1.5644202423358118     
   84.000000000006068        1.6756934576686910     
   84.500000000006324        1.6373894966438824     
   85.000000000006580        1.6818591632404798     
   85.500000000006835        1.7106140579621820     
   86.000000000007091        1.7918707155549325     
   86.500000000007347        1.8123968511050861     
   87.000000000007603        1.6772136522647874     
   87.500000000007859        1.6125295082581663     
   88.000000000008114        1.7044082415519051     
   88.500000000008370        1.6582590989525809     
   89.000000000008626        1.8461867381388468     
   89.500000000008882        1.6654547069193177     
   90.000000000009138        1.6137514938504782     
   90.500000000009393        1.8345266820981294     
   91.000000000009649        1.6998383330453659     
   91.500000000009905        1.9545831085313938     
   92.000000000010161        1.7968043992030855     
   92.500000000010417        1.7095867560573634     
   93.000000000010672        1.7773724845199379     
   93.500000000010928        1.7799255329487140     
   94.000000000011184        1.7969375079470977     
   94.500000000011440        1.6627842961037540     
   95.000000000011696        1.9537083031406082     
   95.500000000011951        1.6861395408901636     
   96.000000000012207        1.5859226362230860     
   96.500000000012463        1.5340444485038516     
   97.000000000012719        1.5497083207836417     
   97.500000000012975        1.4549934673996519     
   98.000000000013230        1.4453091315010334     
   98.500000000013486        1.4931231541879328     
   99.000000000013742        1.5814673642642674     
   99.500000000013998        1.4897598652879893     
   100.00000000001425        1.5597639867672637     
   100.50000000001451        1.6469785447927729     
   101.00000000001477        1.6599454006963943     
   101.50000000001502        1.6398993241208897     
   102.00000000001528        1.6435116130380598     
   102.50000000001553        1.6434557665955649     
   103.00000000001579        1.6793409944380802     
   103.50000000001604        1.5114424796452421     
   104.00000000001630        1.6973722020247657     
   104.50000000001656        1.5752894470261656     
   105.00000000001681        1.7545298010534631     
   105.50000000001707        1.4779582353439018     
   106.00000000001732        1.7610734322359485     
   106.50000000001758        1.4687375202638109     
   107.00000000001783        1.6443997349702240     
   107.50000000001809        1.5457796540825197     
   108.00000000001835        1.5651006916462511     
   108.50000000001860        1.4372626231131376     
   109.00000000001886        1.6533246309220362     
   109.50000000001911        1.6394951618398537     
   110.00000000001937        1.5855962349168777     
   110.50000000001963        1.6623825906637222     
   111.00000000001988        1.6245594513462103     
   111.50000000002014        1.5037176086300179     
   112.00000000002039        1.4820256770059108     
   112.50000000002065        1.7494815265948482     
   113.00000000002090        1.6584648494665470     
   113.50000000002116        1.4628158086068948     
   114.00000000002142        1.6398677410718938     
   114.50000000002167        1.5614061038791360     
   115.00000000002193        1.5330554676065968     
   115.50000000002218        1.6699366604638191     
   116.00000000002244        1.6334799344523290     
   116.50000000002269        1.7751298090136440     
   117.00000000002295        1.7629170858364065     
   117.50000000002321        1.6717248247231193     
   118.00000000002346        1.6556738272253189     
   118.50000000002372        1.7460620196297620     
   119.00000000002397        1.7581179310202080     
   119.50000000002423        1.7610095186007213     
   120.00000000002449        1.6212652457504420     
   120.50000000002474        1.7167501573229891     
   121.00000000002500        1.5470066150683182     
   121.50000000002525        1.5663085924358364     
   122.00000000002551        1.7117766378362045     
   122.50000000002576        1.8184449713061446     
   123.00000000002602        1.5296190176095623     
   123.50000000002628        1.6486284948328429     
   124.00000000002653        1.7997353501205346     
   124.50000000002679        1.7682112140784119     
   125.00000000002704        1.7833369675797566     
   125.50000000002730        1.4339597919633025     
   126.00000000002755        1.4957425461312779     
   126.50000000002781        1.5938920907744700     
   127.00000000002807        1.5064705938584948     
   127.50000000002832        1.4485627231741578     
   128.00000000002856        1.5274020037829055     
   128.50000000002811        1.5839183288698888     
   129.00000000002765        1.4754225706965891     
   129.50000000002720        1.4259832726020323     
   130.00000000002674        1.5133449530028555     
   130.50000000002629        1.6853166277563343     
   131.00000000002584        1.7130453956423919     
   131.50000000002538        1.8256661725830012     
   132.00000000002493        1.7242861444240598     
   132.50000000002447        1.7935631259189928     
   133.00000000002402        1.9472337447493133     
   133.50000000002356        1.6796928678511072     
   134.00000000002311        1.7508198041750815     
   134.50000000002265        1.9220824579584297     
   135.00000000002220        1.7735335912442385     
   135.50000000002174        1.7429203339048038     
   136.00000000002129        1.8108036100679190     
   136.50000000002083        1.5542550530124490     
   137.00000000002038        1.5896285874142810     
   137.50000000001992        1.8870854988627130     
   138.00000000001947        1.6645515684574554     
   138.50000000001901        1.7216033233699120     
   139.00000000001856        1.7674865866396297     
   139.50000000001810        1.7082378506198490     
   140.00000000001765        1.7638749484309586     
   140.50000000001720        1.7181455953407911     
   141.00000000001674        1.7730296736030446     
   141.50000000001629        1.6904837790175753     
   142.00000000001583        1.7344363491741253     
   142.50000000001538        1.7192522579713301     
   143.00000000001492        1.6358460882207961     
   143.50000000001447        1.7187679391008792     
   144.00000000001401        1.5747792778836642     
   144.50000000001356        1.6453558624744142     
   145.00000000001310        1.6761788229966488     
   145.50000000001265        1.6772921494683124     
   146.00000000001219        1.5244891169742698     
   146.50000000001174        1.6236368061761113     
   147.00000000001128        1.6619696906775456     
   147.50000000001083        1.5943903142027258     
   148.00000000001037        1.5790208933928211     
   148.50000000000992        1.5186891145459605     
   149.00000000000946        1.7116066305576629     
   149.50000000000901        1.5204996480896198     
   150.00000000000855        1.6546172190486097     
   150.50000000000810        1.5366065364519577     
   151.00000000000765        1.5629898506048863     
   151.50000000000719        1.5524038909518731     
   152.00000000000674        1.4909104970158469     
   152.50000000000628        1.5369810610687205     
   153.00000000000583        1.3573171657775178     
   153.50000000000537        1.5513136209476566     
   154.00000000000492        1.5012415091960616     
   154.50000000000446        1.4504706293320970     
   155.00000000000401        1.4762253075730170     
   155.50000000000355        1.4919180528103066     
   156.00000000000310        1.4172518443946482     
   156.50000000000264        1.5042719092649512     
   157.00000000000219        1.5496392859175545     
   157.50000000000173        1.5757550713516886     
   158.00000000000128        1.5152100587576764     
   158.50000000000082        1.4875558519771122     
   159.00000000000037        1.5786317242496331     
   159.49999999999991        1.4776523162369444     
   159.99999999999946        1.5151419103800585     
   160.49999999999901        1.3897164215343210     
   160.99999999999855        1.3581965086000714     
   161.49999999999810        1.4034046673886842     
   161.99999999999764        1.5239243965779816     
   162.49999999999719        1.5387972447526785     
   162.99999999999673        1.5250468075884187     
   163.49999999999628        1.4802639422028374     
   163.99999999999582        1.5244571235896387     
   164.49999999999537        1.4831434170766924     
   164.99999999999491        1.5927527697601487     
   165.49999999999446        1.4541564404890770     
   165.99999999999400        1.5916829857239467     
   166.49999999999355        1.4687093384291894     
   166.99999999999309        1.3284584713073624     
   167.49999999999264        1.5088781713008539     
   167.99999999999218        1.4207615550737573     
   168.49999999999173        1.4132842683485596     
   168.99999999999127        1.5331828668670633     
   169.49999999999082        1.4659422514596505     
   169.99999999999037        1.4388267284250300     
   170.49999999998991        1.6271048607608867     
   170.99999999998946        1.4917477022367911     
   171.49999999998900        1.7390975612516637     
   171.99999999998855        1.5793736158020490     
   172.49999999998809        1.6089211905621752     
   172.99999999998764        1.5530071626503690     
   173.49999999998718        1.7059130162979603     
   173.99999999998673        1.6239187535254473     
   174.49999999998627        1.6835575114208905     
   174.99999999998582        1.6716671037458273     
   175.49999999998536        1.5091008018548078     
   175.99999999998491        1.6114291508225360     
   176.49999999998445        1.6003390944164995     
   176.99999999998400        1.6020390743715911     
   177.49999999998354        1.5801265160902740     
   177.99999999998309        1.5079204404485518     
   178.49999999998263        1.4019416837705307     
   178.99999999998218        1.5792073456355333     
   179.49999999998172        1.5574083666888641     
   179.99999999998127        1.7034660388494232     
   180.49999999998082        1.3984274169597553     
   180.99999999998036        1.5491429003145953     
   181.49999999997991        1.4878766721636698     
   181.99999999997945        1.4656266078379809     
   182.49999999997900        1.5077030317130606     
   182.99999999997854        1.4310914385581281     
   183.49999999997809        1.5270424112763126     
   183.99999999997763        1.5111846846582562     
   184.49999999997718        1.5294927613155083     
   184.99999999997672        1.5521209047300546     
   185.49999999997627        1.4204753251017752     
   185.99999999997581        1.5672295731586037     
   186.49999999997536        1.4500931708849598     
   186.99999999997490        1.4577163269065219     
   187.49999999997445        1.5208504145863271     
   187.99999999997399        1.4497042379362532     
   188.49999999997354        1.4993729199456329     
   188.99999999997308        1.5352515155364881     
   189.49999999997263        1.4394425512037146     
   189.99999999997218        1.4679681579982016     
   190.49999999997172        1.4408277815498378     
   190.99999999997127        1.4601697468744914     
   191.49999999997081        1.4210869468489136     
   191.99999999997036        1.4669768881205141     
   192.49999999996990        1.6393308857470783     
   192.99999999996945        1.6993103620621282     
   193.49999999996899        1.6217217696668127     
   193.99999999996854        1.6355567447287953     
   194.49999999996808        1.5549242459079942     
   194.99999999996763        1.4771412144249212     
   195.49999999996717        1.6240079355950823     
   195.99999999996672        1.6821567319592052     
   196.49999999996626        1.6739880100537952     
   196.99999999996581        1.7368494657200850     
   197.49999999996535        1.5971687336969720     
   197.99999999996490        1.6485513175384381     
   198.49999999996444        1.7045434479470616     
   198.99999999996399        1.6318909193357900     
   199.49999999996353        1.7082949853428739     
   199.99999999996308        1.8178930302891367     
   200.49999999996263        1.5123725614560739     
   200.99999999996217        1.5453475808309241     
   201.49999999996172        1.5842218750445414     
   201.99999999996126        1.4722405534137102     
   202.49999999996081        1.2994175571543591     
   202.99999999996035        1.5477240233037615     
   203.49999999995990        1.5787806135885922     
   203.99999999995944        1.5529193335951932     
   204.49999999995899        1.4418567878919952     
   204.99999999995853        1.4821922875787481     
   205.49999999995808        1.4945128978437892     
   205.99999999995762        1.4988409524295467     
   206.49999999995717        1.5541760436670051     
   206.99999999995671        1.4943828575581029     
   207.49999999995626        1.6126656081461219     
   207.99999999995580        1.6583250711824140     
   208.49999999995535        1.5751796802984586     
   208.99999999995489        1.5114949320501001     
   209.49999999995444        1.6973993129337510     
   209.99999999995399        1.5697263058025865     
   210.49999999995353        1.6221907348210871     
   210.99999999995308        1.6894579446224935     
   211.49999999995262        1.5912562770084164     
   211.99999999995217        1.4636360963080575     
   212.49999999995171        1.6183445666227523     
   212.99999999995126        1.7085821620966490     
   213.49999999995080        1.6424556603204197     
   213.99999999995035        1.5329358322121502     
   214.49999999994989        1.6486534889529927     
   214.99999999994944        1.5953456172162164     
   215.49999999994898        1.6502461796366388     
   215.99999999994853        1.6355641594597288     
   216.49999999994807        1.6868248880259702     
   216.99999999994762        1.5856485017971478     
   217.49999999994716        1.6360197487081893     
   217.99999999994671        1.5601347612208276     
   218.49999999994625        1.5525642649224958     
   218.99999999994580        1.6952137415611348     
   219.49999999994535        1.5839642644753240     
   219.99999999994489        1.7009623450025046     
   220.49999999994444        1.4944385846350292     
   220.99999999994398        1.4312278103503044     
   221.49999999994353        1.5278864656799773     
   221.99999999994307        1.5036355574829554     
   222.49999999994262        1.6210008817939860     
   222.99999999994216        1.6103393736313465     
   223.49999999994171        1.4745689210270621     
   223.99999999994125        1.5890838515172119     
   224.49999999994080        1.5315954093403847     
   224.99999999994034        1.4902166664059100     
   225.49999999993989        1.7291017811617531     
   225.99999999993943        1.8602609632310143     
   226.49999999993898        1.6639846162789986     
   226.99999999993852        1.8130556974885843     
   227.49999999993807        1.8391803894370866     
   227.99999999993761        1.8671842667847909     
   228.49999999993716        1.7487409823267392     
   228.99999999993670        1.8204030946510581     
   229.49999999993625        1.7748489933395126     
   229.99999999993580        1.9064005051257604     
   230.49999999993534        1.5616601378681720     
   230.99999999993489        1.6397761585567274     
   231.49999999993443        1.7532862196485954     
   231.99999999993398        1.6936545242263019     
   232.49999999993352        1.6735038211488356     
   232.99999999993307        1.6020450154812635     
   233.49999999993261        1.8146940813069135     
   233.99999999993216        1.7195986425481846     
   234.49999999993170        1.6931429375018678     
   234.99999999993125        1.8085405909406895     
   235.49999999993079        1.4485668604310713     
   235.99999999993034        1.4859659938336740     
   236.49999999992988        1.6296761225069896     
   236.99999999992943        1.5573895951431755     
   237.49999999992897        1.5889050222038368     
   237.99999999992852        1.6968967025725470     
   238.49999999992806        1.6940636030306528     
   238.99999999992761        1.5614250132186034     
   239.49999999992716        1.6072311465587736     
   239.99999999992670        1.6018457298133062     
   240.49999999992625        1.6817170456263488     
   240.99999999992579        1.7519766514921646     
   241.49999999992534        1.7754424694094855     
   241.99999999992488        1.6113914908781020     
   242.49999999992443        1.8283199307833966     
   242.99999999992397        1.7154710935169422     
   243.49999999992352        1.8268160714926165     
   243.99999999992306        1.7683668391121157     
   244.49999999992261        1.6929324985329088     
   244.99999999992215        1.9379977131933512     
   245.49999999992170        1.7795010731886405     
   245.99999999992124        1.7148620358124318     
   246.49999999992079        1.5978355640968551     
   246.99999999992033        1.7948800228182258     
   247.49999999991988        1.7706378290246749     
   247.99999999991942        1.7837742992641474     
   248.49999999991897        1.6200626231958151     
   248.99999999991851        1.6967041719606200     
   249.49999999991806        1.7347922153752562     
   249.99999999991761        1.6066555531754489     
   250.49999999991715        1.6900959295273172     
   250.99999999991670        1.6217620947138116     
   251.49999999991624        1.6872836537573681     
   251.99999999991579        1.6531413661322216     
   252.49999999991533        1.6198707405333541     
   252.99999999991488        1.4917064867483141     
   253.49999999991442        1.6831126667004741     
   253.99999999991397        1.7296373002598178     
   254.49999999991351        1.5494828076551248     
   254.99999999991306        1.7499931399520150     
   255.49999999991260        1.6123318930570463     
   255.99999999991215        1.5772553336570045     
   256.49999999991172        1.7229866770820841     
   256.99999999991127        1.6249900249223315     
   257.49999999991081        1.5085094766774934     
   257.99999999991036        1.5871328204575317     
   258.49999999990990        1.6046603373737749     
   258.99999999990945        1.5624743759778759     
   259.49999999990899        1.5358996628107557     
   259.99999999990854        1.6251938029362500     
   260.49999999990808        1.5164585728126396     
   260.99999999990763        1.5265523568772663     
   261.49999999990717        1.7727652670492358     
   261.99999999990672        1.6139551556862080     
   262.49999999990627        1.5865415445314657     
   262.99999999990581        1.5813058136111386     
   263.49999999990536        1.5026011621161899     
   263.99999999990490        1.6264255327408843     
   264.49999999990445        1.6649444920441452     
   264.99999999990399        1.7378713638367274     
   265.49999999990354        1.3926886355943884     
   265.99999999990308        1.4702707397634158     
   266.49999999990263        1.5757174543830228     
   266.99999999990217        1.4147852514032631     
   267.49999999990172        1.3836280173292066     
   267.99999999990126        1.3395931083512933     
   268.49999999990081        1.4724575491676684     
   268.99999999990035        1.4948135321819209     
   269.49999999989990        1.3883982234064915     
   269.99999999989944        1.4166386202207373     
   270.49999999989899        1.4674727479741601     
   270.99999999989853        1.4157827704235324     
   271.49999999989808        1.4185078826482909     
   271.99999999989763        1.6979510951669849     
   272.49999999989717        1.5495777444417895     
   272.99999999989672        1.4444030451476815     
   273.49999999989626        1.4513277787905354     
   273.99999999989581        1.4547802169029616     
   274.49999999989535        1.4817366122699527     
   274.99999999989490        1.4033843856536623     
   275.49999999989444        1.6366092512271293     
   275.99999999989399        1.6435221040635826     
   276.49999999989353        1.4794657212363322     
   276.99999999989308        1.5179515253497220     
   277.49999999989262        1.5633197360768674     
   277.99999999989217        1.5108561103360831     
   278.49999999989171        1.5336980048671220     
   278.99999999989126        1.5846883282562212     
   279.49999999989080        1.6118134156005290     
   279.99999999989035        1.6322317783997291     
   280.49999999988989        1.5275167007483341     
   280.99999999988944        1.5768999573740481     
   281.49999999988898        1.4573727382486268     
   281.99999999988853        1.7216522069169387     
   282.49999999988808        1.5274227147230828     
   282.99999999988762        1.5926466381844613     
   283.49999999988717        1.5967369235347242     
   283.99999999988671        1.4504799475519190     
   284.49999999988626        1.5724916676042704     
   284.99999999988580        1.5807543095542682     
   285.49999999988535        1.5353666497909895     
   285.99999999988489        1.6920497628753235     
   286.49999999988444        1.6461292512046402     
   286.99999999988398        1.6247958455494249     
   287.49999999988353        1.6394065911566513     
   287.99999999988307        1.6475493798989844     
   288.49999999988262        1.7064427556917015     
   288.99999999988216        1.7574257011206258     
   289.49999999988171        1.6152818184739464     
   289.99999999988125        1.6908975410856206     
   290.49999999988080        1.6946746947805218     
   290.99999999988034        1.6871458205955736     
   291.49999999987989        1.7687444077989076     
   291.99999999987944        1.6232538175468865     
   292.49999999987898        1.8333882218951423     
   292.99999999987853        1.8650199373546144     
   293.49999999987807        1.6656641971554629     
   293.99999999987762        1.7476403466858226     
   294.49999999987716        1.8397285058655974     
   294.99999999987671        1.7884664579270673     
   295.49999999987625        1.4485583691907429     
   295.99999999987580        1.5500440903909272     
   296.49999999987534        1.7173641726637752     
   296.99999999987489        1.7265563445361065     
   297.49999999987443        1.5150869295709228     
   297.99999999987398        1.7171993661508325     
   298.49999999987352        1.6885834661510857     
   298.99999999987307        1.8082839877058852     
   299.49999999987261        1.7350610241419226     
   299.99999999987216        1.7369409760994032     
   300.49999999987170        1.5720690045306933     
   300.99999999987125        1.4933342037126527     
   301.49999999987079        1.6315508308161140     
   301.99999999987034        1.6618738659362775     
   302.49999999986989        1.6240129841535063     
   302.99999999986943        1.5068624383575793     
   303.49999999986898        1.6590556220319199     
   303.99999999986852        1.4808902638495021     
   304.49999999986807        1.4997941152874237     
   304.99999999986761        1.5419115107178509     
   305.49999999986716        1.4278965981574947     
   305.99999999986670        1.5548846623386776     
   306.49999999986625        1.5070365938380306     
   306.99999999986579        1.4478288092873486     
   307.49999999986534        1.4409236243683368     
   307.99999999986488        1.6272536852419390     
   308.49999999986443        1.6367166921870799     
   308.99999999986397        1.5248958137248128     
   309.49999999986352        1.5497263395209726     
   309.99999999986306        1.5101911433049795     
   310.49999999986261        1.5872053114833296     
   310.99999999986215        1.5351014337069990     
   311.49999999986170        1.6595564403518854     
   311.99999999986125        1.4909174470666680     
   312.49999999986079        1.6598164849054406     
   312.99999999986034        1.6301052398125362     
   313.49999999985988        1.5067860167450744     
   313.99999999985943        1.6849534665183974     
   314.49999999985897        1.5057165779229551     
   314.99999999985852        1.6806152636448290     
   315.49999999985806        1.5423119167176469     
   315.99999999985761        1.4941105516655335     
   316.49999999985715        1.5085831272364714     
   316.99999999985670        1.5357987905094883     
   317.49999999985624        1.6293534628971658     
   317.99999999985579        1.4068913366390017     
   318.49999999985533        1.5691384193282225     
   318.99999999985488        1.5926433211365638     
   319.49999999985442        1.4389649432746345     
   319.99999999985397        1.4596072923139345     
   320.49999999985351        1.5142760606841508     
   320.99999999985306        1.5323130192121071     
   321.49999999985261        1.5153071778645664     
   321.99999999985215        1.5687697472458308     
   322.49999999985170        1.6085160114126176     
   322.99999999985124        1.5185859833023942     
   323.49999999985079        1.4706954739947196     
   323.99999999985033        1.6085388322714840     
   324.49999999984988        1.4615966567334395     
   324.99999999984942        1.5879212476825642     
   325.49999999984897        1.5868988496334304     
   325.99999999984851        1.5590836468187286     
   326.49999999984806        1.5187608928749947     
   326.99999999984760        1.6393464609570023     
   327.49999999984715        1.6417200547433577     
   327.99999999984669        1.5173528298614438     
   328.49999999984624        1.5787282922728814     
   328.99999999984578        1.4932873706066039     
   329.49999999984533        1.5158736720967918     
   329.99999999984487        1.5936229303807568     
   330.49999999984442        1.3498189536773371     
   330.99999999984396        1.4530239403446594     
   331.49999999984351        1.4364767818146933     
   331.99999999984306        1.4088657057264595     
   332.49999999984260        1.4598588525744263     
   332.99999999984215        1.5408121774241967     
   333.49999999984169        1.4042294915950633     
   333.99999999984124        1.4343329439524464     
   334.49999999984078        1.3649980583004444     
   334.99999999984033        1.3114799990646329     
   335.49999999983987        1.7604905231046382     
   335.99999999983942        1.7393802242634064     
   336.49999999983896        1.6299536122013625     
   336.99999999983851        1.6364286762173141     
   337.49999999983805        1.7384084151360426     
   337.99999999983760        1.7324602049472781     
   338.49999999983714        1.6010041201280416     
   338.99999999983669        1.7263914703226118     
   339.49999999983623        1.8036677336510341     
   339.99999999983578        1.6136576065752644     
   340.49999999983532        1.7362438080892473     
   340.99999999983487        1.5959419729016779     
   341.49999999983442        1.7884690210523102     
   341.99999999983396        1.5912091146075056     
   342.49999999983351        1.7596852036661390     
   342.99999999983305        1.5766107886890821     
   343.49999999983260        1.7953707717998073     
   343.99999999983214        1.7743423762562929     
   344.49999999983169        1.7144079412882147     
   344.99999999983123        1.6896963835550480     
   345.49999999983078        1.4949373169643041     
   345.99999999983032        1.5518097893186018     
   346.49999999982987        1.5414163986277405     
   346.99999999982941        1.3774864655155947     
   347.49999999982896        1.3930050625709196     
   347.99999999982850        1.6384861082061335     
   348.49999999982805        1.4197745030637829     
   348.99999999982759        1.4811242891058856     
   349.49999999982714        1.4683953625036048     
   349.99999999982668        1.4921266788458976     
   350.49999999982623        1.6054335164981635     
   350.99999999982577        1.5538159033571797     
   351.49999999982532        1.5505217226585355     
   351.99999999982487        1.6430580409748250     
   352.49999999982441        1.5522020063446922     
   352.99999999982396        1.5084487404323983     
   353.49999999982350        1.5270995753226604     
   353.99999999982305        1.5271702115015429     
   354.49999999982259        1.5660663900879235     
   354.99999999982214        1.6209296396726440     
   355.49999999982168        1.4942508378219490     
   355.99999999982123        1.4574787054671643     
   356.49999999982077        1.4838483655619485     
   356.99999999982032        1.5330843621674175     
   357.49999999981986        1.5021810241506828     
   357.99999999981941        1.4881241900479771     
   358.49999999981895        1.4115690858429317     
   358.99999999981850        1.6034437584127550     
   359.49999999981804        1.5206776244710409     
   359.99999999981759        1.4904106519290550     
   360.49999999981713        1.5184313850137037     
   360.99999999981668        1.6863554433661094     
   361.49999999981623        1.6017908952873705     
   361.99999999981577        1.6472492271091606     
   362.49999999981532        1.5985885981334991     
   362.99999999981486        1.6494329132565781     
   363.49999999981441        1.6953767063397760     
   363.99999999981395        1.4250763422332298     
   364.49999999981350        1.6198587551756423     
   364.99999999981304        1.6732965874083581     
   365.49999999981259        1.4708049395243739     
   365.99999999981213        1.4250204909618325     
   366.49999999981168        1.5238673380834780     
   366.99999999981122        1.4718023851567468     
   367.49999999981077        1.4451337751786568     
   367.99999999981031        1.6124357197265595     
   368.49999999980986        1.5673699346258558     
   368.99999999980940        1.4368301185985461     
   369.49999999980895        1.4924749776424224     
   369.99999999980849        1.6893164049851335     
   370.49999999980804        1.5460098683782117     
   370.99999999980759        1.4681394075468115     
   371.49999999980713        1.5885809793499035     
   371.99999999980668        1.5656290546226319     
   372.49999999980622        1.6588679325842728     
   372.99999999980577        1.6126029449587518     
   373.49999999980531        1.5872834446523294     
   373.99999999980486        1.6203382825274604     
   374.49999999980440        1.5738668136980751     
   374.99999999980395        1.4033820200734162     
   375.49999999980349        1.7522781166760568     
   375.99999999980304        1.8309176937924172     
   376.49999999980258        1.8049180609759607     
   376.99999999980213        1.7344107624477605     
   377.49999999980167        1.6550396797688049     
   377.99999999980122        1.7538765481582270     
   378.49999999980076        1.6887274243001891     
   378.99999999980031        1.7951504630037962     
   379.49999999979985        1.7246851490906341     
   379.99999999979940        1.7232157520255700     
   380.49999999979894        1.4608832556770555     
   380.99999999979849        1.5601569358407814     
   381.49999999979804        1.5850498635650170     
   381.99999999979758        1.6038220045376044     
   382.49999999979713        1.6265081837746771     
   382.99999999979667        1.5413885098259734     
   383.49999999979622        1.6047112173827391     
   383.99999999979576        1.4964130908039051     
   384.49999999979531        1.6312557368879148     
   384.99999999979485        1.5821931635525148     
   385.49999999979440        1.5779411788421669     
   385.99999999979394        1.8534158425543810     
   386.49999999979349        1.7187716054327702     
   386.99999999979303        1.6973248765258444     
   387.49999999979258        1.5961892936394222     
   387.99999999979212        1.6435213309144676     
   388.49999999979167        1.6071197262062469     
   388.99999999979121        1.6845803496207186     
   389.49999999979076        1.7843074913274637     
   389.99999999979030        1.6493559384958638     
   390.49999999978985        1.6715859866466891     
   390.99999999978940        1.5771762699421192     
   391.49999999978894        1.4425423826028128     
   391.99999999978849        1.4960249554607143     
   392.49999999978803        1.5347397785355466     
   392.99999999978758        1.5253862080337932     
   393.49999999978712        1.4827556566435887     
   393.99999999978667        1.6242244143261897     
   394.49999999978621        1.5291013713719481     
   394.99999999978576        1.4723316320442874     
   395.49999999978530        1.5335342414510329     
   395.99999999978485        1.5402031812116015     
   396.49999999978439        1.5319171444843387     
   396.99999999978394        1.5656526645061377     
   397.49999999978348        1.5224898154876274     
   397.99999999978303        1.5328970012775780     
   398.49999999978257        1.5955804123643667     
   398.99999999978212        1.5543763894885374     
   399.49999999978166        1.6507106067015458     
   399.99999999978121        1.4345709994881914     
   400.49999999978075        1.6871695540913130     
   400.99999999978030        1.7065853570856984     
   401.49999999977985        1.6098668725264107     
   401.99999999977939        1.7644468574932217     
   402.49999999977894        1.6859444821425378     
   402.99999999977848        1.7490115332332035     
   403.49999999977803        1.7653245959602319     
   403.99999999977757        1.8225066158074703     
   404.49999999977712        1.6894404469178810     
   404.99999999977666        1.6486273205223416     
   405.49999999977621        1.7929226872417900     
   405.99999999977575        1.8070249230838402     
   406.49999999977530        1.8040496491511337     
   406.99999999977484        1.7456301534501109     
   407.49999999977439        1.9066667274847326     
   407.99999999977393        1.6936461862682501     
   408.49999999977348        1.7241137322615214     
   408.99999999977302        1.6468923730651903     
   409.49999999977257        1.7165158721290728     
   409.99999999977211        1.7822541115484287     
   410.49999999977166        1.4336626992309731     
   410.99999999977121        1.6549221230419962     
   411.49999999977075        1.6660637113865173     
   411.99999999977030        1.4795805130081525     
   412.49999999976984        1.6346679887249302     
   412.99999999976939        1.7038979682096702     
   413.49999999976893        1.6069951025969968     
   413.99999999976848        1.5557789851175090     
   414.49999999976802        1.5687951076422320     
   414.99999999976757        1.5541820615800721     
   415.49999999976711        1.6901045752672545     
   415.99999999976666        1.7560699276000955     
   416.49999999976620        1.8490956369285119     
   416.99999999976575        1.5454669160013941     
   417.49999999976529        1.7989221962317816     
   417.99999999976484        1.6460886805201509     
   418.49999999976438        1.6661262636078611     
   418.99999999976393        1.7307777910970747     
   419.49999999976347        1.8020952737881097     
   419.99999999976302        1.6287523589446651     
   420.49999999976257        1.6176051113808554     
   420.99999999976211        1.7793546421890141     
   421.49999999976166        1.6720519264773719     
   421.99999999976120        1.6679927115836803     
   422.49999999976075        1.6292970777662832     
   422.99999999976029        1.6075342172135112     
   423.49999999975984        1.7620766165164012     
   423.99999999975938        1.7991072475839809     
   424.49999999975893        1.8282673789041393     
   424.99999999975847        1.7835578156868348     
   425.49999999975802        1.6028226181978562     
   425.99999999975756        1.3329125218315185     
   426.49999999975711        1.4910145725013277     
   426.99999999975665        1.4705828950044966     
   427.49999999975620        1.6944772744132206     
   427.99999999975574        1.5483938580374834     
   428.49999999975529        1.4877354639504461     
   428.99999999975483        1.6791953497278018     
   429.49999999975438        1.6872066393517284     
   429.99999999975392        1.3587760799905655     
   430.49999999975347        1.6326184188425983     
   430.99999999975302        1.5630863111596205     
   431.49999999975256        1.5855102963066010     
   431.99999999975211        1.6166165788199416     
   432.49999999975165        1.6313078137798973     
   432.99999999975120        1.7435143022971002     
   433.49999999975074        1.7115473216865831     
   433.99999999975029        1.7153057450624334     
   434.49999999974983        1.4802745416132992     
   434.99999999974938        1.6958511362825854     
   435.49999999974892        1.6053399106281263     
   435.99999999974847        1.6222474030465610     
   436.49999999974801        1.5741431131090236     
   436.99999999974756        1.5553068251363393     
   437.49999999974710        1.3753772517844527     
   437.99999999974665        1.5193547075309011     
   438.49999999974619        1.6276556577476036     
   438.99999999974574        1.5028314190388818     
   439.49999999974528        1.5225369711918675     
   439.99999999974483        1.4943216412642129     
   440.49999999974438        1.4759746673598415     
   440.99999999974392        1.3877422538086435     
   441.49999999974347        1.5137471856114544     
   441.99999999974301        1.5266427694102185     
   442.49999999974256        1.5453347171508371     
   442.99999999974210        1.4867150810375716     
   443.49999999974165        1.5981485170531877     
   443.99999999974119        1.6088442403048557     
   444.49999999974074        1.4603978089778402     
   444.99999999974028        1.6372634317994552     
   445.49999999973983        1.5250934588943834     
   445.99999999973937        1.5613428703427021     
   446.49999999973892        1.4868165039082211     
   446.99999999973846        1.5692092179393080     
   447.49999999973801        1.4189139784604121     
   447.99999999973755        1.4008808779707069     
   448.49999999973710        1.4071940644823084     
   448.99999999973664        1.5153605747329162     
   449.49999999973619        1.4983424285608613     
   449.99999999973573        1.4963215005282573     
   450.49999999973528        1.5982579568916200     
   450.99999999973483        1.4987015859250887     
   451.49999999973437        1.5721621709088640     
   451.99999999973392        1.5359143076545869     
   452.49999999973346        1.5906712608664393     
   452.99999999973301        1.5491310726824796     
   453.49999999973255        1.5236711844109800     
   453.99999999973210        1.7041961911096641     
   454.49999999973164        1.5263345309000655     
   454.99999999973119        1.6746816372396316     
   455.49999999973073        1.4601938178922897     
   455.99999999973028        1.3125101173178173     
   456.49999999972982        1.3153236917455720     
   456.99999999972937        1.4350517007526682     
   457.49999999972891        1.3320322956661130     
   457.99999999972846        1.4318501787436404     
   458.49999999972800        1.3747769544848389     
   458.99999999972755        1.4375645813385276     
   459.49999999972709        1.3000530426602954     
   459.99999999972664        1.3889226813632272     
   460.49999999972619        1.4583165739609809     
   460.99999999972573        1.3994363546048250     
   461.49999999972528        1.4373789795473357     
   461.99999999972482        1.4463557950023633     
   462.49999999972437        1.4111969971008489     
   462.99999999972391        1.4147834452203343     
   463.49999999972346        1.4610187707299225     
   463.99999999972300        1.3587860750699414     
   464.49999999972255        1.4040647881919381     
   464.99999999972209        1.4084164418539691     
   465.49999999972164        1.4475615613969266     
   465.99999999972118        1.4874569900544203     
   466.49999999972073        1.4143437154996767     
   466.99999999972027        1.3357706364191577     
   467.49999999971982        1.3703124785872500     
   467.99999999971936        1.2857026361900239     
   468.49999999971891        1.4801493571595417     
   468.99999999971845        1.4364900434096703     
   469.49999999971800        1.3694579317537692     
   469.99999999971755        1.4818593025894562     
   470.49999999971709        1.4540414168998268     
   470.99999999971664        1.5983406127025566     
   471.49999999971618        1.6507577702861056     
   471.99999999971573        1.6407267574216320     
   472.49999999971527        1.6456964950217530     
   472.99999999971482        1.5612283824978832     
   473.49999999971436        1.7240074281015991     
   473.99999999971391        1.6895086008165614     
   474.49999999971345        1.6246524603937200     
   474.99999999971300        1.4860513664021571     
   475.49999999971254        1.6214608849317507     
   475.99999999971209        1.8191364176531182     
   476.49999999971163        1.8112346172963198     
   476.99999999971118        1.7952736362929163     
   477.49999999971072        1.8072946209218397     
   477.99999999971027        2.0188211699298466     
   478.49999999970981        1.7061356574223030     
   478.99999999970936        1.7753091392984686     
   479.49999999970890        1.8811598711518516     
   479.99999999970845        1.6814457351244245     
   480.49999999970800        1.8665094857158027     
   480.99999999970754        1.9874328882608570     
   481.49999999970709        1.8760679767044994     
   481.99999999970663        1.7894210536638175     
   482.49999999970618        1.8898809757578365     
   482.99999999970572        2.0218714251644747     
   483.49999999970527        1.7979145422816349     
   483.99999999970481        1.8853593638048716     
   484.49999999970436        1.7993705330330074     
   484.99999999970390        1.9744362709829912     
   485.49999999970345        1.5932405674538828     
   485.99999999970299        1.6298750285306898     
   486.49999999970254        1.7245158297937588     
   486.99999999970208        1.5409115235379469     
   487.49999999970163        1.5144365129218946     
   487.99999999970117        1.7269972072245345     
   488.49999999970072        1.5496915466311680     
   488.99999999970026        1.5758449251727575     
   489.49999999969981        1.4388445125510247     
   489.99999999969936        1.7062404799105613     
   490.49999999969890        1.4992613860135229     
   490.99999999969845        1.4081609897795098     
   491.49999999969799        1.4338479516494900     
   491.99999999969754        1.4486452014320266     
   492.49999999969708        1.5085422357679181     
   492.99999999969663        1.3971001134894705     
   493.49999999969617        1.4931260496747851     
   493.99999999969572        1.5132179388626970     
   494.49999999969526        1.4206919178723674     
   494.99999999969481        1.4156162842932223     
   495.49999999969435        1.7077419378725682     
   495.99999999969390        1.6767173792717487     
   496.49999999969344        1.6783171627718567     
   496.99999999969299        1.6662296591906667     
   497.49999999969253        1.5469915014395652     
   497.99999999969208        1.6804161435705542     
   498.49999999969162        1.8135429926679936     
   498.99999999969117        1.6418980780102135     
   499.49999999969071        1.5425562986214614     
